SF:lib/src/widgets/provider_aware_textfield.dart
DA:8,1
DA:16,1
DA:25,1
DA:27,1
DA:35,1
DA:37,1
DA:38,3
DA:39,2
DA:40,5
DA:45,1
DA:47,2
DA:48,2
DA:49,1
DA:52,1
DA:53,1
DA:54,4
DA:55,1
DA:56,3
DA:57,2
DA:59,1
DA:60,3
DA:61,1
DA:62,2
DA:63,2
DA:64,2
DA:65,2
DA:66,1
DA:67,2
DA:73,4
DA:74,3
DA:75,0
LF:31
LH:30
end_of_record
SF:lib/src/widgets/arrow_button.dart
DA:4,3
DA:6,3
DA:10,3
DA:12,3
DA:14,3
DA:15,6
DA:20,3
DA:22,6
DA:26,3
DA:27,3
DA:29,3
DA:34,3
DA:35,3
DA:37,3
DA:39,3
DA:41,3
DA:47,3
DA:48,3
DA:50,3
LF:19
LH:19
end_of_record
SF:lib/src/widgets/delete_button.dart
DA:4,1
DA:8,1
DA:10,1
DA:11,1
DA:15,1
LF:5
LH:5
end_of_record
SF:lib/src/widgets/edit_button.dart
DA:4,1
DA:8,1
DA:10,1
DA:11,1
DA:13,1
DA:15,1
LF:6
LH:6
end_of_record
SF:lib/src/utils/text_converter.dart
DA:8,1
DA:13,2
DA:14,2
DA:18,0
DA:20,2
DA:21,2
LF:6
LH:5
end_of_record
SF:lib/src/widgets/int_spinner.dart
DA:10,2
DA:13,1
DA:27,0
DA:28,1
DA:44,1
DA:45,1
DA:51,6
DA:53,1
DA:54,3
DA:55,2
DA:56,3
DA:57,2
DA:60,6
DA:61,5
DA:64,1
DA:66,1
DA:67,2
DA:68,3
DA:69,4
DA:71,7
DA:74,1
DA:75,3
DA:76,2
DA:77,3
DA:78,5
DA:80,1
DA:81,1
DA:82,4
DA:87,1
DA:88,5
DA:89,4
DA:92,1
DA:94,2
DA:95,4
DA:96,1
DA:99,1
DA:101,1
DA:102,1
DA:103,1
DA:104,3
DA:105,3
DA:106,8
DA:108,1
DA:109,3
DA:110,3
DA:111,8
DA:113,1
DA:114,1
DA:115,2
DA:116,1
DA:119,1
DA:120,3
DA:121,3
DA:122,7
DA:124,1
DA:125,3
DA:126,3
DA:127,7
DA:133,4
DA:134,3
DA:135,0
DA:137,1
DA:138,3
DA:139,2
DA:140,1
DA:142,1
DA:143,3
DA:145,1
DA:146,1
DA:147,3
DA:148,3
DA:150,1
DA:155,4
DA:156,1
LF:74
LH:72
end_of_record
SF:lib/src/widgets/dynamic_list_header.dart
DA:4,1
DA:10,1
DA:17,1
DA:19,2
DA:21,1
DA:22,1
DA:24,1
DA:25,1
DA:26,1
DA:27,2
DA:29,1
DA:30,1
DA:34,1
DA:35,1
DA:37,3
DA:38,1
DA:40,1
DA:42,1
DA:44,1
DA:45,3
DA:46,1
DA:50,1
LF:22
LH:22
end_of_record
SF:lib/src/widgets/dice_spinner.dart
DA:12,3
DA:15,1
DA:23,1
DA:33,1
DA:34,1
DA:43,4
DA:46,1
DA:47,1
DA:48,2
DA:49,3
DA:52,1
DA:54,1
DA:56,2
DA:57,3
DA:58,5
DA:61,1
DA:62,3
DA:63,2
DA:64,2
DA:65,1
DA:68,2
DA:69,4
DA:74,1
DA:76,2
DA:77,1
DA:80,1
DA:82,1
DA:83,1
DA:84,1
DA:85,3
DA:86,3
DA:87,5
DA:90,1
DA:91,3
DA:92,3
DA:93,5
DA:96,1
DA:97,1
DA:98,2
DA:99,1
DA:102,1
DA:103,3
DA:104,3
DA:105,5
DA:108,1
DA:109,3
DA:110,3
DA:111,5
DA:118,4
DA:119,3
DA:120,0
DA:122,1
DA:123,1
DA:124,3
DA:126,1
DA:127,3
DA:128,3
DA:131,1
LF:58
LH:57
end_of_record
