SF:lib/src/widgets/arrow_button.dart
DA:4,3
DA:6,3
DA:10,3
DA:12,3
DA:14,3
DA:15,6
DA:20,3
DA:22,6
DA:26,3
DA:27,3
DA:29,3
DA:34,3
DA:35,3
DA:37,3
DA:39,3
DA:41,3
DA:47,3
DA:48,3
DA:50,3
LF:19
LH:19
end_of_record
SF:lib/src/widgets/delete_button.dart
DA:4,1
DA:8,1
DA:10,1
DA:11,1
DA:15,1
LF:5
LH:5
end_of_record
SF:lib/src/widgets/edit_button.dart
DA:4,1
DA:8,1
DA:10,1
DA:11,1
DA:13,1
DA:15,1
LF:6
LH:6
end_of_record
SF:lib/src/widgets/int_spinner.dart
DA:10,2
DA:13,1
DA:27,0
DA:28,1
DA:44,1
DA:45,1
DA:52,6
DA:54,1
DA:55,3
DA:56,2
DA:57,3
DA:58,2
DA:61,6
DA:62,5
DA:65,1
DA:67,1
DA:68,2
DA:69,3
DA:70,4
DA:72,7
DA:75,1
DA:76,3
DA:77,2
DA:78,3
DA:79,5
DA:81,1
DA:82,1
DA:83,4
DA:88,1
DA:89,5
DA:90,4
DA:93,1
DA:95,2
DA:96,4
DA:97,1
DA:100,1
DA:102,1
DA:103,1
DA:104,1
DA:105,3
DA:106,3
DA:107,8
DA:109,1
DA:110,3
DA:111,3
DA:112,8
DA:114,1
DA:115,1
DA:116,2
DA:117,1
DA:120,1
DA:121,3
DA:122,3
DA:123,7
DA:125,1
DA:126,3
DA:127,3
DA:128,7
DA:134,4
DA:135,3
DA:136,0
DA:138,1
DA:139,3
DA:140,2
DA:141,1
DA:143,1
DA:144,3
DA:146,1
DA:147,1
DA:148,3
DA:149,3
DA:151,1
DA:156,4
DA:157,1
LF:74
LH:72
end_of_record
SF:lib/src/widgets/text_converter.dart
DA:8,1
DA:13,2
DA:14,2
DA:18,0
DA:20,2
DA:21,2
LF:6
LH:5
end_of_record
SF:lib/src/widgets/dynamic_list_header.dart
DA:4,1
DA:10,1
DA:17,1
DA:19,2
DA:21,1
DA:22,1
DA:24,1
DA:25,1
DA:26,1
DA:27,2
DA:29,1
DA:30,1
DA:34,1
DA:35,1
DA:37,3
DA:38,1
DA:40,1
DA:42,1
DA:44,1
DA:45,3
DA:46,1
DA:50,1
LF:22
LH:22
end_of_record
SF:lib/src/widgets/dice_spinner.dart
DA:12,3
DA:15,1
DA:23,1
DA:33,1
DA:34,1
DA:43,4
DA:46,1
DA:47,1
DA:48,2
DA:49,3
DA:52,1
DA:54,1
DA:56,2
DA:57,3
DA:58,5
DA:61,1
DA:62,3
DA:63,2
DA:64,2
DA:65,1
DA:68,2
DA:69,4
DA:74,1
DA:76,2
DA:77,1
DA:80,1
DA:82,1
DA:83,1
DA:84,1
DA:85,3
DA:86,3
DA:87,5
DA:90,1
DA:91,3
DA:92,3
DA:93,5
DA:96,1
DA:97,1
DA:98,2
DA:99,1
DA:102,1
DA:103,3
DA:104,3
DA:105,5
DA:108,1
DA:109,3
DA:110,3
DA:111,5
DA:118,4
DA:119,3
DA:120,0
DA:122,1
DA:123,1
DA:124,3
DA:126,1
DA:127,3
DA:128,3
DA:131,1
LF:58
LH:57
end_of_record
